# JRE version: Java(TM) SE Runtime Environment (8.0_191-b12) (build 1.8.0_191-b12)
# Java VM: Java HotSpot(TM) 64-Bit Server VM (25.191-b12 mixed mode linux-amd64 compressed oops)
Heap:
 PSYoungGen      total 134144K, used 8162K [0x00000000eb900000, 0x00000000f4500000, 0x0000000100000000)
  eden space 125952K, 0% used [0x00000000eb900000,0x00000000eb900000,0x00000000f3400000)
  from space 8192K, 99% used [0x00000000f3400000,0x00000000f3bf8840,0x00000000f3c00000)
  to   space 7168K, 0% used [0x00000000f3c00000,0x00000000f3c00000,0x00000000f4300000)
 ParOldGen       total 42496K, used 14690K [0x00000000c2a00000, 0x00000000c5380000, 0x00000000eb900000)
  object space 42496K, 34% used [0x00000000c2a00000,0x00000000c38588b0,0x00000000c5380000)
 Metaspace       used 20652K, capacity 21130K, committed 21296K, reserved 1069056K
  class space    used 2446K, capacity 2631K, committed 2688K, reserved 1048576K
GC Heap History (10 events):
Event: 0.794 GC heap after
Heap after GC invocations=2 (full 0):
 PSYoungGen      total 34304K, used 2497K [0x00000000eb900000, 0x00000000edd00000, 0x0000000100000000)
  eden space 31744K, 0% used [0x00000000eb900000,0x00000000eb900000,0x00000000ed800000)
  from space 2560K, 97% used [0x00000000eda80000,0x00000000edcf05a0,0x00000000edd00000)
  to   space 2560K, 0% used [0x00000000ed800000,0x00000000ed800000,0x00000000eda80000)
 ParOldGen       total 42496K, used 681K [0x00000000c2a00000, 0x00000000c5380000, 0x00000000eb900000)
  object space 42496K, 1% used [0x00000000c2a00000,0x00000000c2aaa720,0x00000000c5380000)
 Metaspace       used 7624K, capacity 7770K, committed 7936K, reserved 1056768K
  class space    used 955K, capacity 1017K, committed 1024K, reserved 1048576K
}
Event: 1.301 GC heap before
{Heap before GC invocations=3 (full 0):
 PSYoungGen      total 34304K, used 34241K [0x00000000eb900000, 0x00000000edd00000, 0x0000000100000000)
  eden space 31744K, 100% used [0x00000000eb900000,0x00000000ed800000,0x00000000ed800000)
  from space 2560K, 97% used [0x00000000eda80000,0x00000000edcf05a0,0x00000000edd00000)
  to   space 2560K, 0% used [0x00000000ed800000,0x00000000ed800000,0x00000000eda80000)
 ParOldGen       total 42496K, used 681K [0x00000000c2a00000, 0x00000000c5380000, 0x00000000eb900000)
  object space 42496K, 1% used [0x00000000c2a00000,0x00000000c2aaa720,0x00000000c5380000)
 Metaspace       used 12701K, capacity 12990K, committed 13312K, reserved 1060864K
  class space    used 1563K, capacity 1688K, committed 1792K, reserved 1048576K
Event: 1.314 GC heap after
Heap after GC invocations=3 (full 0):
 PSYoungGen      total 34304K, used 2544K [0x00000000eb900000, 0x00000000efc00000, 0x0000000100000000)
  eden space 31744K, 0% used [0x00000000eb900000,0x00000000eb900000,0x00000000ed800000)
  from space 2560K, 99% used [0x00000000ed800000,0x00000000eda7c010,0x00000000eda80000)
  to   space 2560K, 0% used [0x00000000ef980000,0x00000000ef980000,0x00000000efc00000)
 ParOldGen       total 42496K, used 4586K [0x00000000c2a00000, 0x00000000c5380000, 0x00000000eb900000)
  object space 42496K, 10% used [0x00000000c2a00000,0x00000000c2e7a990,0x00000000c5380000)
 Metaspace       used 12701K, capacity 12990K, committed 13312K, reserved 1060864K
  class space    used 1563K, capacity 1688K, committed 1792K, reserved 1048576K
}
Event: 1.797 GC heap before
{Heap before GC invocations=4 (full 0):
 PSYoungGen      total 34304K, used 34288K [0x00000000eb900000, 0x00000000efc00000, 0x0000000100000000)
  eden space 31744K, 100% used [0x00000000eb900000,0x00000000ed800000,0x00000000ed800000)
  from space 2560K, 99% used [0x00000000ed800000,0x00000000eda7c010,0x00000000eda80000)
  to   space 2560K, 0% used [0x00000000ef980000,0x00000000ef980000,0x00000000efc00000)
 ParOldGen       total 42496K, used 4586K [0x00000000c2a00000, 0x00000000c5380000, 0x00000000eb900000)
  object space 42496K, 10% used [0x00000000c2a00000,0x00000000c2e7a990,0x00000000c5380000)
 Metaspace       used 13423K, capacity 13784K, committed 14080K, reserved 1060864K
  class space    used 1628K, capacity 1758K, committed 1792K, reserved 1048576K
Event: 1.812 GC heap after
Heap after GC invocations=4 (full 0):
 PSYoungGen      total 66048K, used 2528K [0x00000000eb900000, 0x00000000efc00000, 0x0000000100000000)
  eden space 63488K, 0% used [0x00000000eb900000,0x00000000eb900000,0x00000000ef700000)
  from space 2560K, 98% used [0x00000000ef980000,0x00000000efbf8020,0x00000000efc00000)
  to   space 2560K, 0% used [0x00000000ef700000,0x00000000ef700000,0x00000000ef980000)
 ParOldGen       total 42496K, used 6955K [0x00000000c2a00000, 0x00000000c5380000, 0x00000000eb900000)
  object space 42496K, 16% used [0x00000000c2a00000,0x00000000c30cae70,0x00000000c5380000)
 Metaspace       used 13423K, capacity 13784K, committed 14080K, reserved 1060864K
  class space    used 1628K, capacity 1758K, committed 1792K, reserved 1048576K
}
Event: 2.817 GC heap before
{Heap before GC invocations=5 (full 0):
 PSYoungGen      total 66048K, used 66016K [0x00000000eb900000, 0x00000000efc00000, 0x0000000100000000)
  eden space 63488K, 100% used [0x00000000eb900000,0x00000000ef700000,0x00000000ef700000)
  from space 2560K, 98% used [0x00000000ef980000,0x00000000efbf8020,0x00000000efc00000)
  to   space 2560K, 0% used [0x00000000ef700000,0x00000000ef700000,0x00000000ef980000)
 ParOldGen       total 42496K, used 6955K [0x00000000c2a00000, 0x00000000c5380000, 0x00000000eb900000)
  object space 42496K, 16% used [0x00000000c2a00000,0x00000000c30cae70,0x00000000c5380000)
 Metaspace       used 14268K, capacity 14544K, committed 14720K, reserved 1062912K
  class space    used 1701K, capacity 1798K, committed 1920K, reserved 1048576K
Event: 2.857 GC heap after
Heap after GC invocations=5 (full 0):
 PSYoungGen      total 66048K, used 2544K [0x00000000eb900000, 0x00000000f4300000, 0x0000000100000000)
  eden space 63488K, 0% used [0x00000000eb900000,0x00000000eb900000,0x00000000ef700000)
  from space 2560K, 99% used [0x00000000ef700000,0x00000000ef97c030,0x00000000ef980000)
  to   space 7168K, 0% used [0x00000000f3c00000,0x00000000f3c00000,0x00000000f4300000)
 ParOldGen       total 42496K, used 9818K [0x00000000c2a00000, 0x00000000c5380000, 0x00000000eb900000)
  object space 42496K, 23% used [0x00000000c2a00000,0x00000000c3396950,0x00000000c5380000)
 Metaspace       used 14268K, capacity 14544K, committed 14720K, reserved 1062912K
  class space    used 1701K, capacity 1798K, committed 1920K, reserved 1048576K
}
Event: 3.728 GC heap before
{Heap before GC invocations=6 (full 0):
 PSYoungGen      total 66048K, used 66032K [0x00000000eb900000, 0x00000000f4300000, 0x0000000100000000)
  eden space 63488K, 100% used [0x00000000eb900000,0x00000000ef700000,0x00000000ef700000)
  from space 2560K, 99% used [0x00000000ef700000,0x00000000ef97c030,0x00000000ef980000)
  to   space 7168K, 0% used [0x00000000f3c00000,0x00000000f3c00000,0x00000000f4300000)
 ParOldGen       total 42496K, used 9818K [0x00000000c2a00000, 0x00000000c5380000, 0x00000000eb900000)
  object space 42496K, 23% used [0x00000000c2a00000,0x00000000c3396950,0x00000000c5380000)
 Metaspace       used 17965K, capacity 18474K, committed 18816K, reserved 1064960K
  class space    used 2179K, capacity 2343K, committed 2432K, reserved 1048576K
Event: 3.748 GC heap after
Heap after GC invocations=6 (full 0):
 PSYoungGen      total 133120K, used 6619K [0x00000000eb900000, 0x00000000f4500000, 0x0000000100000000)
  eden space 125952K, 0% used [0x00000000eb900000,0x00000000eb900000,0x00000000f3400000)
  from space 7168K, 92% used [0x00000000f3c00000,0x00000000f4276dc8,0x00000000f4300000)
  to   space 8192K, 0% used [0x00000000f3400000,0x00000000f3400000,0x00000000f3c00000)
 ParOldGen       total 42496K, used 9818K [0x00000000c2a00000, 0x00000000c5380000, 0x00000000eb900000)
  object space 42496K, 23% used [0x00000000c2a00000,0x00000000c3396950,0x00000000c5380000)
 Metaspace       used 17965K, capacity 18474K, committed 18816K, reserved 1064960K
  class space    used 2179K, capacity 2343K, committed 2432K, reserved 1048576K
}
Event: 5.784 GC heap before
{Heap before GC invocations=7 (full 0):
 PSYoungGen      total 133120K, used 48338K [0x00000000eb900000, 0x00000000f4500000, 0x0000000100000000)
  eden space 125952K, 33% used [0x00000000eb900000,0x00000000ee1bdc08,0x00000000f3400000)
  from space 7168K, 92% used [0x00000000f3c00000,0x00000000f4276dc8,0x00000000f4300000)
  to   space 8192K, 0% used [0x00000000f3400000,0x00000000f3400000,0x00000000f3c00000)
 ParOldGen       total 42496K, used 9818K [0x00000000c2a00000, 0x00000000c5380000, 0x00000000eb900000)
  object space 42496K, 23% used [0x00000000c2a00000,0x00000000c3396950,0x00000000c5380000)
 Metaspace       used 20652K, capacity 21130K, committed 21296K, reserved 1069056K
  class space    used 2446K, capacity 2631K, committed 2688K, reserved 1048576K

