# JRE version: Java(TM) SE Runtime Environment (8.0_191-b12) (build 1.8.0_191-b12)
# Java VM: Java HotSpot(TM) 64-Bit Server VM (25.191-b12 mixed mode linux-amd64 compressed oops)
Heap:
 PSYoungGen      total 134656K, used 3105K [0x00000000eb900000, 0x00000000f4a00000, 0x0000000100000000)
  eden space 123904K, 0% used [0x00000000eb900000,0x00000000eb900000,0x00000000f3200000)
  from space 10752K, 28% used [0x00000000f3200000,0x00000000f35084f0,0x00000000f3c80000)
  to   space 7680K, 0% used [0x00000000f3c80000,0x00000000f3c80000,0x00000000f4400000)
 ParOldGen       total 46592K, used 17642K [0x00000000c2a00000, 0x00000000c5780000, 0x00000000eb900000)
  object space 46592K, 37% used [0x00000000c2a00000,0x00000000c3b3a808,0x00000000c5780000)
 Metaspace       used 23759K, capacity 24424K, committed 24704K, reserved 1071104K
  class space    used 2852K, capacity 3101K, committed 3200K, reserved 1048576K
GC Heap History (10 events):
Event: 2.199 GC heap after
Heap after GC invocations=5 (full 0):
 PSYoungGen      total 34304K, used 2528K [0x00000000eb900000, 0x00000000f0400000, 0x0000000100000000)
  eden space 31744K, 0% used [0x00000000eb900000,0x00000000eb900000,0x00000000ed800000)
  from space 2560K, 98% used [0x00000000ed800000,0x00000000eda78040,0x00000000eda80000)
  to   space 6656K, 0% used [0x00000000efd80000,0x00000000efd80000,0x00000000f0400000)
 ParOldGen       total 42496K, used 7409K [0x00000000c2a00000, 0x00000000c5380000, 0x00000000eb900000)
  object space 42496K, 17% used [0x00000000c2a00000,0x00000000c313c430,0x00000000c5380000)
 Metaspace       used 13822K, capacity 14168K, committed 14464K, reserved 1062912K
  class space    used 1691K, capacity 1798K, committed 1920K, reserved 1048576K
}
Event: 2.556 GC heap before
{Heap before GC invocations=6 (full 0):
 PSYoungGen      total 34304K, used 34272K [0x00000000eb900000, 0x00000000f0400000, 0x0000000100000000)
  eden space 31744K, 100% used [0x00000000eb900000,0x00000000ed800000,0x00000000ed800000)
  from space 2560K, 98% used [0x00000000ed800000,0x00000000eda78040,0x00000000eda80000)
  to   space 6656K, 0% used [0x00000000efd80000,0x00000000efd80000,0x00000000f0400000)
 ParOldGen       total 42496K, used 7409K [0x00000000c2a00000, 0x00000000c5380000, 0x00000000eb900000)
  object space 42496K, 17% used [0x00000000c2a00000,0x00000000c313c430,0x00000000c5380000)
 Metaspace       used 14106K, capacity 14424K, committed 14720K, reserved 1062912K
  class space    used 1695K, capacity 1798K, committed 1920K, reserved 1048576K
Event: 2.566 GC heap after
Heap after GC invocations=6 (full 0):
 PSYoungGen      total 69120K, used 3968K [0x00000000eb900000, 0x00000000f0300000, 0x0000000100000000)
  eden space 63488K, 0% used [0x00000000eb900000,0x00000000eb900000,0x00000000ef700000)
  from space 5632K, 70% used [0x00000000efd80000,0x00000000f0160040,0x00000000f0300000)
  to   space 6144K, 0% used [0x00000000ef700000,0x00000000ef700000,0x00000000efd00000)
 ParOldGen       total 42496K, used 7417K [0x00000000c2a00000, 0x00000000c5380000, 0x00000000eb900000)
  object space 42496K, 17% used [0x00000000c2a00000,0x00000000c313e430,0x00000000c5380000)
 Metaspace       used 14106K, capacity 14424K, committed 14720K, reserved 1062912K
  class space    used 1695K, capacity 1798K, committed 1920K, reserved 1048576K
}
Event: 3.315 GC heap before
{Heap before GC invocations=7 (full 0):
 PSYoungGen      total 69120K, used 67456K [0x00000000eb900000, 0x00000000f0300000, 0x0000000100000000)
  eden space 63488K, 100% used [0x00000000eb900000,0x00000000ef700000,0x00000000ef700000)
  from space 5632K, 70% used [0x00000000efd80000,0x00000000f0160040,0x00000000f0300000)
  to   space 6144K, 0% used [0x00000000ef700000,0x00000000ef700000,0x00000000efd00000)
 ParOldGen       total 42496K, used 7417K [0x00000000c2a00000, 0x00000000c5380000, 0x00000000eb900000)
  object space 42496K, 17% used [0x00000000c2a00000,0x00000000c313e430,0x00000000c5380000)
 Metaspace       used 15112K, capacity 15470K, committed 15488K, reserved 1062912K
  class space    used 1776K, capacity 1911K, committed 1920K, reserved 1048576K
Event: 3.344 GC heap after
Heap after GC invocations=7 (full 0):
 PSYoungGen      total 69632K, used 6116K [0x00000000eb900000, 0x00000000f4400000, 0x0000000100000000)
  eden space 63488K, 0% used [0x00000000eb900000,0x00000000eb900000,0x00000000ef700000)
  from space 6144K, 99% used [0x00000000ef700000,0x00000000efcf92b0,0x00000000efd00000)
  to   space 7680K, 0% used [0x00000000f3c80000,0x00000000f3c80000,0x00000000f4400000)
 ParOldGen       total 42496K, used 8384K [0x00000000c2a00000, 0x00000000c5380000, 0x00000000eb900000)
  object space 42496K, 19% used [0x00000000c2a00000,0x00000000c3230018,0x00000000c5380000)
 Metaspace       used 15112K, capacity 15470K, committed 15488K, reserved 1062912K
  class space    used 1776K, capacity 1911K, committed 1920K, reserved 1048576K
}
Event: 4.217 GC heap before
{Heap before GC invocations=8 (full 0):
 PSYoungGen      total 69632K, used 50855K [0x00000000eb900000, 0x00000000f4400000, 0x0000000100000000)
  eden space 63488K, 70% used [0x00000000eb900000,0x00000000ee4b0c40,0x00000000ef700000)
  from space 6144K, 99% used [0x00000000ef700000,0x00000000efcf92b0,0x00000000efd00000)
  to   space 7680K, 0% used [0x00000000f3c80000,0x00000000f3c80000,0x00000000f4400000)
 ParOldGen       total 42496K, used 8384K [0x00000000c2a00000, 0x00000000c5380000, 0x00000000eb900000)
  object space 42496K, 19% used [0x00000000c2a00000,0x00000000c3230018,0x00000000c5380000)
 Metaspace       used 20728K, capacity 21162K, committed 21296K, reserved 1069056K
  class space    used 2467K, capacity 2634K, committed 2688K, reserved 1048576K
Event: 4.256 GC heap after
Heap after GC invocations=8 (full 0):
 PSYoungGen      total 131584K, used 7666K [0x00000000eb900000, 0x00000000f4a00000, 0x0000000100000000)
  eden space 123904K, 0% used [0x00000000eb900000,0x00000000eb900000,0x00000000f3200000)
  from space 7680K, 99% used [0x00000000f3c80000,0x00000000f43fc850,0x00000000f4400000)
  to   space 10752K, 0% used [0x00000000f3200000,0x00000000f3200000,0x00000000f3c80000)
 ParOldGen       total 42496K, used 12847K [0x00000000c2a00000, 0x00000000c5380000, 0x00000000eb900000)
  object space 42496K, 30% used [0x00000000c2a00000,0x00000000c368bfb8,0x00000000c5380000)
 Metaspace       used 20728K, capacity 21162K, committed 21296K, reserved 1069056K
  class space    used 2467K, capacity 2634K, committed 2688K, reserved 1048576K
}
Event: 4.256 GC heap before
{Heap before GC invocations=9 (full 1):
 PSYoungGen      total 131584K, used 7666K [0x00000000eb900000, 0x00000000f4a00000, 0x0000000100000000)
  eden space 123904K, 0% used [0x00000000eb900000,0x00000000eb900000,0x00000000f3200000)
  from space 7680K, 99% used [0x00000000f3c80000,0x00000000f43fc850,0x00000000f4400000)
  to   space 10752K, 0% used [0x00000000f3200000,0x00000000f3200000,0x00000000f3c80000)
 ParOldGen       total 42496K, used 12847K [0x00000000c2a00000, 0x00000000c5380000, 0x00000000eb900000)
  object space 42496K, 30% used [0x00000000c2a00000,0x00000000c368bfb8,0x00000000c5380000)
 Metaspace       used 20728K, capacity 21162K, committed 21296K, reserved 1069056K
  class space    used 2467K, capacity 2634K, committed 2688K, reserved 1048576K
Event: 4.386 GC heap after
Heap after GC invocations=9 (full 1):
 PSYoungGen      total 131584K, used 0K [0x00000000eb900000, 0x00000000f4a00000, 0x0000000100000000)
  eden space 123904K, 0% used [0x00000000eb900000,0x00000000eb900000,0x00000000f3200000)
  from space 7680K, 0% used [0x00000000f3c80000,0x00000000f3c80000,0x00000000f4400000)
  to   space 10752K, 0% used [0x00000000f3200000,0x00000000f3200000,0x00000000f3c80000)
 ParOldGen       total 46592K, used 17634K [0x00000000c2a00000, 0x00000000c5780000, 0x00000000eb900000)
  object space 46592K, 37% used [0x00000000c2a00000,0x00000000c3b38808,0x00000000c5780000)
 Metaspace       used 20728K, capacity 21162K, committed 21296K, reserved 1069056K
  class space    used 2467K, capacity 2634K, committed 2688K, reserved 1048576K
}
Event: 92.835 GC heap before
{Heap before GC invocations=10 (full 1):
 PSYoungGen      total 131584K, used 43641K [0x00000000eb900000, 0x00000000f4a00000, 0x0000000100000000)
  eden space 123904K, 35% used [0x00000000eb900000,0x00000000ee39e468,0x00000000f3200000)
  from space 7680K, 0% used [0x00000000f3c80000,0x00000000f3c80000,0x00000000f4400000)
  to   space 10752K, 0% used [0x00000000f3200000,0x00000000f3200000,0x00000000f3c80000)
 ParOldGen       total 46592K, used 17634K [0x00000000c2a00000, 0x00000000c5780000, 0x00000000eb900000)
  object space 46592K, 37% used [0x00000000c2a00000,0x00000000c3b38808,0x00000000c5780000)
 Metaspace       used 23759K, capacity 24424K, committed 24704K, reserved 1071104K
  class space    used 2852K, capacity 3101K, committed 3200K, reserved 1048576K

